Removed Pin From Net: NetName=NetR6_1 Pin=S1-1
Removed Pin From Net: NetName=-V Pin=S1-2
Change Component DesignItemId : Designator=S1 Old DesignItemId=450404015514 New DesignItemId=452404020202
Change Component Comment : Designator=S1 Old Comment=450404015514 New Comment=452404020202
Change Component Description : Designator=S1 Old Description=WS-SLSU 6.7x2.7 mm SMD Right Angled, boss design New Description=9x3.5mm THT Same Side Connection Slide Switch WS-SLTV
Change Component Library : Designator=S1 Old Library=ALTIUM-WS-SLSU-rev17a.IntLib New Library=ALTIUM-WS-SLTV-rev17b.IntLib
Change component parameters: Designator = "S1"; Footprint = "452404020202"; UniqueID = "\CSPCWCJU"
Change component parameters. Clean all parameters for all variants
Change component parameters (AddParameter): Name = "ComponentLink1Description"; Value = "Manufacturer"; VariantName = "[No Variations]"
Change component parameters (AddParameter): Name = "ComponentLink1URL"; Value = "http://www.we-online.de"; VariantName = "[No Variations]"
Change component parameters (AddParameter): Name = "ComponentLink2Description"; Value = "Datasheet"; VariantName = "[No Variations]"
Change component parameters (AddParameter): Name = "ComponentLink2URL"; Value = "http://katalog.we-online.de/em/datasheet/452404020202.pdf"; VariantName = "[No Variations]"
Change component parameters (AddParameter): Name = "Life Cycle"; Value = "20000 steps"; VariantName = "[No Variations]"
Change component parameters (AddParameter): Name = "Operating Temperature"; Value = "-40 to +85 degC"; VariantName = "[No Variations]"
Change component parameters (AddParameter): Name = "Operation Force"; Value = "450 gf"; VariantName = "[No Variations]"
Change component parameters (AddParameter): Name = "Part Number"; Value = "452404020202"; VariantName = "[No Variations]"
Change component parameters (AddParameter): Name = "Published Date"; Value = "Nov. 2017"; VariantName = "[No Variations]"
Change component parameters (AddParameter): Name = "Publisher"; Value = "Wurth Elektronik"; VariantName = "[No Variations]"
Change component parameters (AddParameter): Name = "Rated Current"; Value = "300 mA"; VariantName = "[No Variations]"
Change component parameters (AddParameter): Name = "Rated Voltage"; Value = "6 VDC"; VariantName = "[No Variations]"
Change component parameters (AddParameter): Name = "Size"; Value = "9x3.5x5.5 mm"; VariantName = "[No Variations]"
Added Pin To Net: NetName=-V Pin=S1-1
