Removed Pin From Net: NetName=-V Pin=S1-1
Removed Pin From Net: NetName=NetR6_1 Pin=S1-2
Added Component: Designator=J?(61000413321)
Add component. Clean all parameters for all variants
Add component (AddParameter): Name = "ComponentLink1Description"; Value = "Manufacturer"; VariantName = "[No Variations]"
Add component (AddParameter): Name = "ComponentLink1URL"; Value = "http://www.we-online.de"; VariantName = "[No Variations]"
Add component (AddParameter): Name = "ComponentLink2Description"; Value = "Datasheet"; VariantName = "[No Variations]"
Add component (AddParameter): Name = "ComponentLink2URL"; Value = "http://katalog.we-online.de/em/datasheet/6100xx13321.pdf"; VariantName = "[No Variations]"
Add component (AddParameter): Name = "Part Number"; Value = "61000413321"; VariantName = "[No Variations]"
Add component (AddParameter): Name = "Pin Number"; Value = "4"; VariantName = "[No Variations]"
Add component (AddParameter): Name = "Pitch"; Value = "2.54mm"; VariantName = "[No Variations]"
Add component (AddParameter): Name = "Published Date"; Value = "August 2017"; VariantName = "[No Variations]"
Add component (AddParameter): Name = "Publisher"; Value = "Wurth Elektronik"; VariantName = "[No Variations]"
Add component (AddParameter): Name = "Rated Current"; Value = "3A"; VariantName = "[No Variations]"
Add component (AddParameter): Name = "Withstanding Voltage"; Value = "500V AC"; VariantName = "[No Variations]"
Add component (AddParameter): Name = "Working Voltage"; Value = "250V AC"; VariantName = "[No Variations]"
Added Pin To Net: NetName=-V Pin=J?-1
Added Pin To Net: NetName=NetR6_1 Pin=J?-4
Change Net Name : Old Net Name=NetR6_1 New Net Name=NetJ?_4
Added Member To Class: ClassName=tinyCurrent_Version1 Member=Component J? 61000413321
